<ruleset xmlns="http://codenarc.org/ruleset/1.0"
        xmlns:xsi="http://www.w3.org/2001/XMLSchema-instance"
        xsi:schemaLocation="http://codenarc.org/ruleset/1.0 http://codenarc.org/ruleset-schema.xsd"
        xsi:noNamespaceSchemaLocation="http://codenarc.org/ruleset-schema.xsd">
    
    <description>
        JUnit rule set.
        These rules implement standards and best practices related to JUnit tests.
    </description>

    <rule class='org.codenarc.rule.junit.JUnitAssertAlwaysFailsRule'/>
    <rule class='org.codenarc.rule.junit.JUnitAssertAlwaysSucceedsRule'/>
    <rule class='org.codenarc.rule.junit.JUnitPublicNonTestMethodRule'/>
    <rule class='org.codenarc.rule.junit.JUnitSetUpCallsSuperRule'/>
    <rule class='org.codenarc.rule.junit.JUnitTearDownCallsSuperRule'/>
    <rule class='org.codenarc.rule.junit.JUnitUnnecessarySetUpRule'/>
    <rule class='org.codenarc.rule.junit.JUnitUnnecessaryTearDownRule'/>
    <rule class='org.codenarc.rule.junit.UseAssertEqualsInsteadOfAssertTrueRule'/>
    <rule class='org.codenarc.rule.junit.UseAssertTrueInsteadOfAssertEqualsRule'/>
    <rule class='org.codenarc.rule.junit.UseAssertNullInsteadOfAssertEqualsRule'/>
    <rule class='org.codenarc.rule.junit.UseAssertSameInsteadOfAssertTrueRule'/>
    <rule class='org.codenarc.rule.junit.UseFailWithMessageInsteadOfWithoutRule'/>
    <rule class='org.codenarc.rule.junit.JUnitStyleAssertionsRule'/>
</ruleset>